1716 0.000313943
1716 0.000338074
1716 0.000540054
1716 0.000130027
1716 7.69945e-05
1716 0.000479397
1716 0.000197343
1716 0.000319183
1716 0.00032104
1716 0.000286956
6435 0.0152473
6435 0.0226942
6435 0.00400144
6435 0.00201849
6435 0.00315089
6435 0.00315053
6435 0.00347155
6435 0.00183717
6435 0.00495672
6435 0.00670931
6435 0.000846258
6435 0.000356696
6435 0.000684464
6435 0.000719775
6435 0.00186689
6435 0.00186317
6435 0.00143084
6435 0.00142693
6435 0.00285261
6435 0.0028526
6435 0.000392921
6435 0.000293438
6435 0.000272156
6435 2.02505e-05
6435 5.50796e-05
6435 7.95129e-05
6435 0.000204554
6435 0.000215178
6435 0.000180241
6435 0.000285577
24310 0.00864515
24310 0.0102392
24310 0.0088873
24310 0.00504758
24310 0.00304481
24310 0.00157907
24310 0.00479639
24310 0.00302365
24310 0.00722274
24310 0.00180952
24310 0.00143601
24310 0.00144694
24310 0.000511378
24310 0.000528203
24310 0.00194963
24310 0.00194961
24310 0.00135809
24310 0.00135807
24310 0.00272324
24310 0.00272324
24310 5.14185e-05
24310 0.00013547
24310 0.000156519
24310 2.77552e-05
24310 6.57746e-05
24310 0.000123644
24310 5.87875e-05
24310 1.75005e-05
24310 0.000111701
24310 0.000129352
92378 0.0118824
92378 0.0166324
92378 0.00285053
92378 0.00191514
92378 0.00283757
92378 0.00240973
92378 0.00171252
92378 0.00211743
92378 0.00329873
92378 0.0061166
92378 0.000347164
92378 0.000347416
92378 0.00151524
92378 0.00151524
92378 0.00191311
92378 0.00191311
92378 0.00127746
92378 0.00127746
92378 0.00360883
