1716 0.000313943
1716 0.000338074
1716 0.000540054
1716 0.000130027
1716 7.69945e-05
1716 0.000479397
1716 0.000197343
1716 0.000319183
1716 0.00032104
1716 0.000286956
6435 0.000392921
6435 0.000293438
6435 0.000272156
6435 2.02505e-05
6435 5.50796e-05
6435 7.95129e-05
6435 0.000204554
6435 0.000215178
6435 0.000180241
6435 0.000285577
24310 5.14185e-05
24310 0.00013547
24310 0.000156519
24310 2.77552e-05
24310 6.57746e-05
24310 0.000123644
24310 5.87875e-05
24310 1.75005e-05
24310 0.000111701
24310 0.000129352
